<?xml version="1.0" encoding="UTF-8"?>
<!-- Generated by org.testng.reporters.JUnitReportReporter -->
<testsuite hostname="DESKTOP-TJ8UFF4" failures="0" tests="2" name="Selenium.test.ErrorValidationTests" time="30.086" errors="0" timestamp="2025-05-15T01:09:37 IST" skipped="0">
  <testcase classname="Selenium.test.ErrorValidationTests" name="LoginErrorValidation" time="17.797"/>
  <testcase classname="Selenium.test.ErrorValidationTests" name="ProductErrorValidation" time="12.289"/>
</testsuite> <!-- Selenium.test.ErrorValidationTests -->
