<?xml version="1.0" encoding="UTF-8"?>
<!-- Generated by org.testng.reporters.JUnitReportReporter -->
<testsuite hostname="DESKTOP-TJ8UFF4" failures="0" tests="2" name="Selenium.test.errorValidationTest" time="43.857" errors="0" timestamp="2025-05-14T00:52:36 IST" skipped="0">
  <testcase classname="Selenium.test.errorValidationTest" name="ProductErrorValidation" time="34.008"/>
  <testcase classname="Selenium.test.errorValidationTest" name="LoginErrorValidation" time="9.849"/>
</testsuite> <!-- Selenium.test.errorValidationTest -->
