<?xml version="1.0" encoding="UTF-8"?>
<!-- Generated by org.testng.reporters.JUnitReportReporter -->
<testsuite hostname="Roushan" failures="0" tests="1" name="Selenium.test.AppTest" time="8.630" errors="0" timestamp="2024-12-26T02:43:37 IST" skipped="0">
  <testcase classname="Selenium.test.AppTest" name="submitOrder" time="8.630"/>
  <system-out/>
</testsuite> <!-- Selenium.test.AppTest -->
