<?xml version="1.0" encoding="UTF-8"?>
<!-- Generated by org.testng.reporters.JUnitReportReporter -->
<testsuite hostname="DESKTOP-TJ8UFF4" failures="0" tests="2" name="cucumber.TestNGTestRunner" time="46.443" errors="0" timestamp="2025-05-02T00:37:58 IST" skipped="0">
  <testcase classname="cucumber.TestNGTestRunner" name="runScenario" time="21.441"/>
  <testcase classname="cucumber.TestNGTestRunner" name="runScenario" time="25.002"/>
</testsuite> <!-- cucumber.TestNGTestRunner -->
