<?xml version="1.0" encoding="UTF-8"?>
<!-- Generated by org.testng.reporters.JUnitReportReporter -->
<testsuite hostname="DESKTOP-TJ8UFF4" failures="0" tests="4" name="Selenium.test.submitOrderTest" time="45.752" errors="0" timestamp="2025-05-14T00:52:36 IST" skipped="0">
  <testcase classname="Selenium.test.submitOrderTest" name="SubmitOrder" time="13.505"/>
  <testcase classname="Selenium.test.submitOrderTest" name="varifyOrderDisplay" time="10.012"/>
  <testcase classname="Selenium.test.submitOrderTest" name="varifyOrderDisplay" time="9.703"/>
  <testcase classname="Selenium.test.submitOrderTest" name="SubmitOrder" time="12.532"/>
</testsuite> <!-- Selenium.test.submitOrderTest -->
